<?xml version="1.0" encoding="UTF-8"?>
<testng-results ignored="0" total="1" passed="1" failed="0" skipped="0">
  <reporter-output>
  </reporter-output>
  <suite started-at="2020-02-07T16:32:37 GMT" name="Default suite" finished-at="2020-02-07T16:32:42 GMT" duration-ms="5339">
    <groups>
    </groups>
    <test started-at="2020-02-07T16:32:37 GMT" name="Default test" finished-at="2020-02-07T16:32:42 GMT" duration-ms="5339">
      <class name="RestAssuredJsonTest.DLG_GetRequest">
        <test-method signature="getJsonApiData()[pri:0, instance:RestAssuredJsonTest.DLG_GetRequest@3b938003]" started-at="2020-02-07T16:32:37 GMT" name="getJsonApiData" finished-at="2020-02-07T16:32:42 GMT" duration-ms="5254" status="PASS">
          <reporter-output>
          </reporter-output>
        </test-method> <!-- getJsonApiData -->
      </class> <!-- RestAssuredJsonTest.DLG_GetRequest -->
    </test> <!-- Default test -->
  </suite> <!-- Default suite -->
</testng-results>
