<?xml version="1.0" encoding="UTF-8"?>
<testng-results ignored="0" total="1" passed="1" failed="0" skipped="0">
  <reporter-output>
  </reporter-output>
  <suite started-at="2020-02-09T21:51:32 GMT" name="Default suite" finished-at="2020-02-09T21:51:35 GMT" duration-ms="3475">
    <groups>
    </groups>
    <test started-at="2020-02-09T21:51:32 GMT" name="Default test" finished-at="2020-02-09T21:51:35 GMT" duration-ms="3475">
      <class name="RestAssuredJsonTest.DLG_PUT_Request">
        <test-method signature="putData()[pri:0, instance:RestAssuredJsonTest.DLG_PUT_Request@5c1a8622]" started-at="2020-02-09T21:51:32 GMT" name="putData" finished-at="2020-02-09T21:51:35 GMT" duration-ms="3425" status="PASS">
          <reporter-output>
          </reporter-output>
        </test-method> <!-- putData -->
      </class> <!-- RestAssuredJsonTest.DLG_PUT_Request -->
    </test> <!-- Default test -->
  </suite> <!-- Default suite -->
</testng-results>
